<?xml version="1.0" encoding="UTF-8"?>
<!-- Generated by org.testng.reporters.JUnitReportReporter -->
<testsuite skipped="0" hostname="DESKTOP-8I843C0" name="com.petpooja.Pages.DemoCalss" tests="1" failures="0" timestamp="13 Feb 2019 06:53:30 GMT" time="0.006" errors="0">
  <testcase name="M1" time="0.006" classname="com.petpooja.Pages.DemoCalss"/>
</testsuite> <!-- com.petpooja.Pages.DemoCalss -->
