<?xml version="1.0" encoding="UTF-8"?>
<!-- Generated by org.testng.reporters.JUnitReportReporter -->
<testsuite skipped="0" hostname="DESKTOP-8I843C0" name="com.petpooja.Testcases.LoginTestPetpooja" tests="2" failures="0" timestamp="18 Mar 2019 09:17:13 GMT" time="5.409" errors="0">
  <testcase name="loginApp" time="0.832" classname="com.petpooja.Testcases.LoginTestPetpooja"/>
  <testcase name="SelectRestaurant" time="4.577" classname="com.petpooja.Testcases.LoginTestPetpooja"/>
</testsuite> <!-- com.petpooja.Testcases.LoginTestPetpooja -->
