<?xml version="1.0" encoding="UTF-8"?>
<!-- Generated by org.testng.reporters.JUnitReportReporter -->
<testsuite skipped="0" hostname="DESKTOP-8I843C0" name="com.petpooja.Testcases.LoginTestPetpooja" tests="2" failures="0" timestamp="26 Mar 2019 12:42:39 GMT" time="4.485" errors="0">
  <testcase name="loginApp" time="0.775" classname="com.petpooja.Testcases.LoginTestPetpooja"/>
  <testcase name="SelectRestaurant" time="3.710" classname="com.petpooja.Testcases.LoginTestPetpooja"/>
</testsuite> <!-- com.petpooja.Testcases.LoginTestPetpooja -->
