<?xml version="1.0" encoding="UTF-8"?>
<!-- Generated by org.testng.reporters.JUnitReportReporter -->
<testsuite skipped="0" hostname="DESKTOP-8I843C0" name="com.petpooja.Testcases.LoginTestPetpooja" tests="1" failures="0" timestamp="04 Mar 2019 05:15:06 GMT" time="0.771" errors="0">
  <testcase name="loginApp" time="0.771" classname="com.petpooja.Testcases.LoginTestPetpooja"/>
</testsuite> <!-- com.petpooja.Testcases.LoginTestPetpooja -->
