<?xml version="1.0" encoding="UTF-8"?>
<!-- Generated by org.testng.reporters.JUnitReportReporter -->
<testsuite skipped="0" hostname="DESKTOP-8I843C0" name="com.petpooja.Pages.LogInApplication" tests="1" failures="0" timestamp="14 Feb 2019 13:38:36 GMT" time="5.512" errors="0">
  <testcase name="StartApp" time="5.512" classname="com.petpooja.Pages.LogInApplication"/>
</testsuite> <!-- com.petpooja.Pages.LogInApplication -->
